<?xml version="1.0" encoding="UTF-8"?>
<!-- Generated by org.testng.reporters.JUnitXMLReporter -->
<testsuite hostname="SaNj" ignored="0" name="Default test" tests="10" failures="0" timestamp="2022-05-17T20:37:55 IST" time="116.37" errors="0">
  <testcase name="page1" time="9.295" classname="com.runner.TestCase"/>
  <testcase name="page2" time="4.436" classname="com.runner.TestCase"/>
  <testcase name="page3" time="9.003" classname="com.runner.TestCase"/>
  <testcase name="page4" time="4.423" classname="com.runner.TestCase"/>
  <testcase name="page5" time="4.483" classname="com.runner.TestCase"/>
  <testcase name="page6" time="5.499" classname="com.runner.TestCase"/>
  <testcase name="page7" time="4.465" classname="com.runner.TestCase"/>
  <testcase name="page8" time="2.814" classname="com.runner.TestCase"/>
  <testcase name="page9" time="4.474" classname="com.runner.TestCase"/>
  <testcase name="page10" time="7.648" classname="com.runner.TestCase"/>
</testsuite> <!-- Default test -->
