<?xml version="1.0" encoding="UTF-8"?>
<testng-results skipped="0" failed="0" ignored="0" total="10" passed="10">
  <reporter-output>
    <line>
      <![CDATA[trying to start browser and ready]]>
    </line>
    <line>
      <![CDATA[application and browser is running]]>
    </line>
    <line>
      <![CDATA[Test is going to end]]>
    </line>
    <line>
      <![CDATA[completed successfully...Report generated]]>
    </line>
    <line>
      <![CDATA[Test is going to end]]>
    </line>
    <line>
      <![CDATA[completed successfully...Report generated]]>
    </line>
    <line>
      <![CDATA[Test is going to end]]>
    </line>
    <line>
      <![CDATA[completed successfully...Report generated]]>
    </line>
    <line>
      <![CDATA[Test is going to end]]>
    </line>
    <line>
      <![CDATA[completed successfully...Report generated]]>
    </line>
    <line>
      <![CDATA[Test is going to end]]>
    </line>
    <line>
      <![CDATA[completed successfully...Report generated]]>
    </line>
    <line>
      <![CDATA[Test is going to end]]>
    </line>
    <line>
      <![CDATA[completed successfully...Report generated]]>
    </line>
    <line>
      <![CDATA[Test is going to end]]>
    </line>
    <line>
      <![CDATA[completed successfully...Report generated]]>
    </line>
    <line>
      <![CDATA[Test is going to end]]>
    </line>
    <line>
      <![CDATA[completed successfully...Report generated]]>
    </line>
    <line>
      <![CDATA[Test is going to end]]>
    </line>
    <line>
      <![CDATA[completed successfully...Report generated]]>
    </line>
    <line>
      <![CDATA[Test is going to end]]>
    </line>
    <line>
      <![CDATA[completed successfully...Report generated]]>
    </line>
  </reporter-output>
  <suite name="Suite" duration-ms="123626" started-at="2022-05-18T23:18:11 IST" finished-at="2022-05-18T23:20:15 IST">
    <groups>
    </groups>
    <test name="Test" duration-ms="123626" started-at="2022-05-18T23:18:11 IST" finished-at="2022-05-18T23:20:15 IST">
      <class name="com.runner.TestCase">
        <test-method status="PASS" signature="setUpSuit()[pri:0, instance:com.runner.TestCase@43814d18]" name="setUpSuit" is-config="true" duration-ms="1614" started-at="2022-05-18T23:18:10 IST" finished-at="2022-05-18T23:18:11 IST">
          <reporter-output>
          </reporter-output>
        </test-method> <!-- setUpSuit -->
        <test-method status="PASS" signature="setup()[pri:0, instance:com.runner.TestCase@43814d18]" name="setup" is-config="true" duration-ms="39586" started-at="2022-05-18T23:18:11 IST" finished-at="2022-05-18T23:18:51 IST">
          <reporter-output>
            <line>
              <![CDATA[trying to start browser and ready]]>
            </line>
            <line>
              <![CDATA[application and browser is running]]>
            </line>
          </reporter-output>
        </test-method> <!-- setup -->
        <test-method status="PASS" signature="page1()[pri:1, instance:com.runner.TestCase@43814d18]" name="page1" duration-ms="5608" started-at="2022-05-18T23:18:51 IST" finished-at="2022-05-18T23:18:56 IST">
          <reporter-output>
          </reporter-output>
        </test-method> <!-- page1 -->
        <test-method status="PASS" signature="tearDownMethod(org.testng.ITestResult)[pri:0, instance:com.runner.TestCase@43814d18]" name="tearDownMethod" is-config="true" duration-ms="1884" started-at="2022-05-18T23:18:56 IST" finished-at="2022-05-18T23:18:58 IST">
          <params>
            <param index="0">
              <value>
                <![CDATA[[TestResult name=page1 status=SUCCESS method=TestCase.page1()[pri:1, instance:com.runner.TestCase@43814d18] output={null}]]]>
              </value>
            </param>
          </params>
          <reporter-output>
            <line>
              <![CDATA[Test is going to end]]>
            </line>
            <line>
              <![CDATA[completed successfully...Report generated]]>
            </line>
          </reporter-output>
        </test-method> <!-- tearDownMethod -->
        <test-method status="PASS" signature="page2()[pri:2, instance:com.runner.TestCase@43814d18]" name="page2" duration-ms="215" started-at="2022-05-18T23:18:58 IST" finished-at="2022-05-18T23:18:58 IST">
          <reporter-output>
          </reporter-output>
        </test-method> <!-- page2 -->
        <test-method status="PASS" signature="tearDownMethod(org.testng.ITestResult)[pri:0, instance:com.runner.TestCase@43814d18]" name="tearDownMethod" is-config="true" duration-ms="1604" started-at="2022-05-18T23:18:58 IST" finished-at="2022-05-18T23:19:00 IST">
          <params>
            <param index="0">
              <value>
                <![CDATA[[TestResult name=page2 status=SUCCESS method=TestCase.page2()[pri:2, instance:com.runner.TestCase@43814d18] output={null}]]]>
              </value>
            </param>
          </params>
          <reporter-output>
            <line>
              <![CDATA[Test is going to end]]>
            </line>
            <line>
              <![CDATA[completed successfully...Report generated]]>
            </line>
          </reporter-output>
        </test-method> <!-- tearDownMethod -->
        <test-method status="PASS" signature="page3()[pri:3, instance:com.runner.TestCase@43814d18]" name="page3" duration-ms="7202" started-at="2022-05-18T23:19:00 IST" finished-at="2022-05-18T23:19:07 IST">
          <reporter-output>
          </reporter-output>
        </test-method> <!-- page3 -->
        <test-method status="PASS" signature="tearDownMethod(org.testng.ITestResult)[pri:0, instance:com.runner.TestCase@43814d18]" name="tearDownMethod" is-config="true" duration-ms="1503" started-at="2022-05-18T23:19:07 IST" finished-at="2022-05-18T23:19:09 IST">
          <params>
            <param index="0">
              <value>
                <![CDATA[[TestResult name=page3 status=SUCCESS method=TestCase.page3()[pri:3, instance:com.runner.TestCase@43814d18] output={null}]]]>
              </value>
            </param>
          </params>
          <reporter-output>
            <line>
              <![CDATA[Test is going to end]]>
            </line>
            <line>
              <![CDATA[completed successfully...Report generated]]>
            </line>
          </reporter-output>
        </test-method> <!-- tearDownMethod -->
        <test-method status="PASS" signature="page4()[pri:4, instance:com.runner.TestCase@43814d18]" name="page4" duration-ms="4022" started-at="2022-05-18T23:19:09 IST" finished-at="2022-05-18T23:19:13 IST">
          <reporter-output>
          </reporter-output>
        </test-method> <!-- page4 -->
        <test-method status="PASS" signature="tearDownMethod(org.testng.ITestResult)[pri:0, instance:com.runner.TestCase@43814d18]" name="tearDownMethod" is-config="true" duration-ms="518" started-at="2022-05-18T23:19:13 IST" finished-at="2022-05-18T23:19:13 IST">
          <params>
            <param index="0">
              <value>
                <![CDATA[[TestResult name=page4 status=SUCCESS method=TestCase.page4()[pri:4, instance:com.runner.TestCase@43814d18] output={null}]]]>
              </value>
            </param>
          </params>
          <reporter-output>
            <line>
              <![CDATA[Test is going to end]]>
            </line>
            <line>
              <![CDATA[completed successfully...Report generated]]>
            </line>
          </reporter-output>
        </test-method> <!-- tearDownMethod -->
        <test-method status="PASS" signature="page5()[pri:5, instance:com.runner.TestCase@43814d18]" name="page5" duration-ms="3440" started-at="2022-05-18T23:19:13 IST" finished-at="2022-05-18T23:19:17 IST">
          <reporter-output>
          </reporter-output>
        </test-method> <!-- page5 -->
        <test-method status="PASS" signature="tearDownMethod(org.testng.ITestResult)[pri:0, instance:com.runner.TestCase@43814d18]" name="tearDownMethod" is-config="true" duration-ms="702" started-at="2022-05-18T23:19:17 IST" finished-at="2022-05-18T23:19:17 IST">
          <params>
            <param index="0">
              <value>
                <![CDATA[[TestResult name=page5 status=SUCCESS method=TestCase.page5()[pri:5, instance:com.runner.TestCase@43814d18] output={null}]]]>
              </value>
            </param>
          </params>
          <reporter-output>
            <line>
              <![CDATA[Test is going to end]]>
            </line>
            <line>
              <![CDATA[completed successfully...Report generated]]>
            </line>
          </reporter-output>
        </test-method> <!-- tearDownMethod -->
        <test-method status="PASS" signature="page6()[pri:6, instance:com.runner.TestCase@43814d18]" name="page6" duration-ms="14122" started-at="2022-05-18T23:19:17 IST" finished-at="2022-05-18T23:19:32 IST">
          <reporter-output>
          </reporter-output>
        </test-method> <!-- page6 -->
        <test-method status="PASS" signature="tearDownMethod(org.testng.ITestResult)[pri:0, instance:com.runner.TestCase@43814d18]" name="tearDownMethod" is-config="true" duration-ms="551" started-at="2022-05-18T23:19:32 IST" finished-at="2022-05-18T23:19:32 IST">
          <params>
            <param index="0">
              <value>
                <![CDATA[[TestResult name=page6 status=SUCCESS method=TestCase.page6()[pri:6, instance:com.runner.TestCase@43814d18] output={null}]]]>
              </value>
            </param>
          </params>
          <reporter-output>
            <line>
              <![CDATA[Test is going to end]]>
            </line>
            <line>
              <![CDATA[completed successfully...Report generated]]>
            </line>
          </reporter-output>
        </test-method> <!-- tearDownMethod -->
        <test-method status="PASS" signature="page7()[pri:7, instance:com.runner.TestCase@43814d18]" name="page7" duration-ms="10428" started-at="2022-05-18T23:19:32 IST" finished-at="2022-05-18T23:19:43 IST">
          <reporter-output>
          </reporter-output>
        </test-method> <!-- page7 -->
        <test-method status="PASS" signature="tearDownMethod(org.testng.ITestResult)[pri:0, instance:com.runner.TestCase@43814d18]" name="tearDownMethod" is-config="true" duration-ms="547" started-at="2022-05-18T23:19:43 IST" finished-at="2022-05-18T23:19:43 IST">
          <params>
            <param index="0">
              <value>
                <![CDATA[[TestResult name=page7 status=SUCCESS method=TestCase.page7()[pri:7, instance:com.runner.TestCase@43814d18] output={null}]]]>
              </value>
            </param>
          </params>
          <reporter-output>
            <line>
              <![CDATA[Test is going to end]]>
            </line>
            <line>
              <![CDATA[completed successfully...Report generated]]>
            </line>
          </reporter-output>
        </test-method> <!-- tearDownMethod -->
        <test-method status="PASS" signature="page8()[pri:8, instance:com.runner.TestCase@43814d18]" name="page8" duration-ms="3875" started-at="2022-05-18T23:19:43 IST" finished-at="2022-05-18T23:19:47 IST">
          <reporter-output>
          </reporter-output>
        </test-method> <!-- page8 -->
        <test-method status="PASS" signature="tearDownMethod(org.testng.ITestResult)[pri:0, instance:com.runner.TestCase@43814d18]" name="tearDownMethod" is-config="true" duration-ms="702" started-at="2022-05-18T23:19:47 IST" finished-at="2022-05-18T23:19:48 IST">
          <params>
            <param index="0">
              <value>
                <![CDATA[[TestResult name=page8 status=SUCCESS method=TestCase.page8()[pri:8, instance:com.runner.TestCase@43814d18] output={null}]]]>
              </value>
            </param>
          </params>
          <reporter-output>
            <line>
              <![CDATA[Test is going to end]]>
            </line>
            <line>
              <![CDATA[completed successfully...Report generated]]>
            </line>
          </reporter-output>
        </test-method> <!-- tearDownMethod -->
        <test-method status="PASS" signature="page9()[pri:9, instance:com.runner.TestCase@43814d18]" name="page9" duration-ms="6206" started-at="2022-05-18T23:19:48 IST" finished-at="2022-05-18T23:19:54 IST">
          <reporter-output>
          </reporter-output>
        </test-method> <!-- page9 -->
        <test-method status="PASS" signature="tearDownMethod(org.testng.ITestResult)[pri:0, instance:com.runner.TestCase@43814d18]" name="tearDownMethod" is-config="true" duration-ms="1292" started-at="2022-05-18T23:19:54 IST" finished-at="2022-05-18T23:19:55 IST">
          <params>
            <param index="0">
              <value>
                <![CDATA[[TestResult name=page9 status=SUCCESS method=TestCase.page9()[pri:9, instance:com.runner.TestCase@43814d18] output={null}]]]>
              </value>
            </param>
          </params>
          <reporter-output>
            <line>
              <![CDATA[Test is going to end]]>
            </line>
            <line>
              <![CDATA[completed successfully...Report generated]]>
            </line>
          </reporter-output>
        </test-method> <!-- tearDownMethod -->
        <test-method status="PASS" signature="page10()[pri:10, instance:com.runner.TestCase@43814d18]" name="page10" duration-ms="15211" started-at="2022-05-18T23:19:55 IST" finished-at="2022-05-18T23:20:10 IST">
          <reporter-output>
          </reporter-output>
        </test-method> <!-- page10 -->
        <test-method status="PASS" signature="tearDownMethod(org.testng.ITestResult)[pri:0, instance:com.runner.TestCase@43814d18]" name="tearDownMethod" is-config="true" duration-ms="997" started-at="2022-05-18T23:20:10 IST" finished-at="2022-05-18T23:20:11 IST">
          <params>
            <param index="0">
              <value>
                <![CDATA[[TestResult name=page10 status=SUCCESS method=TestCase.page10()[pri:10, instance:com.runner.TestCase@43814d18] output={null}]]]>
              </value>
            </param>
          </params>
          <reporter-output>
            <line>
              <![CDATA[Test is going to end]]>
            </line>
            <line>
              <![CDATA[completed successfully...Report generated]]>
            </line>
          </reporter-output>
        </test-method> <!-- tearDownMethod -->
        <test-method status="PASS" signature="teardown()[pri:0, instance:com.runner.TestCase@43814d18]" name="teardown" is-config="true" duration-ms="3333" started-at="2022-05-18T23:20:11 IST" finished-at="2022-05-18T23:20:15 IST">
          <reporter-output>
          </reporter-output>
        </test-method> <!-- teardown -->
      </class> <!-- com.runner.TestCase -->
    </test> <!-- Test -->
  </suite> <!-- Suite -->
</testng-results>
