<?xml version="1.0" encoding="UTF-8"?>
<!-- Generated by org.testng.reporters.JUnitXMLReporter -->
<testsuite hostname="SaNj" ignored="0" name="Test" tests="10" failures="0" timestamp="2022-05-18T23:20:15 IST" time="123.626" errors="0">
  <testcase name="page1" time="5.608" classname="com.runner.TestCase"/>
  <testcase name="page2" time="0.215" classname="com.runner.TestCase"/>
  <testcase name="page3" time="7.202" classname="com.runner.TestCase"/>
  <testcase name="page4" time="4.022" classname="com.runner.TestCase"/>
  <testcase name="page5" time="3.44" classname="com.runner.TestCase"/>
  <testcase name="page6" time="14.122" classname="com.runner.TestCase"/>
  <testcase name="page7" time="10.428" classname="com.runner.TestCase"/>
  <testcase name="page8" time="3.875" classname="com.runner.TestCase"/>
  <testcase name="page9" time="6.206" classname="com.runner.TestCase"/>
  <testcase name="page10" time="15.211" classname="com.runner.TestCase"/>
</testsuite> <!-- Test -->
